[debug] [2023-01-05T02:14:06.335Z] ----------------------------------------------------------------------
[debug] [2023-01-05T02:14:06.337Z] Command:       /usr/local/bin/node /usr/local/bin/firebase deploy
[debug] [2023-01-05T02:14:06.337Z] CLI Version:   11.13.0
[debug] [2023-01-05T02:14:06.337Z] Platform:      darwin
[debug] [2023-01-05T02:14:06.337Z] Node Version:  v14.18.1
[debug] [2023-01-05T02:14:06.338Z] Time:          Thu Jan 05 2023 11:44:06 GMT+0930 (Australian Central Standard Time)
[debug] [2023-01-05T02:14:06.338Z] ----------------------------------------------------------------------
[debug] 
[debug] [2023-01-05T02:14:06.386Z] > command requires scopes: ["email","openid","https://www.googleapis.com/auth/cloudplatformprojects.readonly","https://www.googleapis.com/auth/firebase","https://www.googleapis.com/auth/cloud-platform"]
[debug] [2023-01-05T02:14:06.386Z] > authorizing via signed-in user (liuzexijeff@gmail.com)
[debug] [2023-01-05T02:14:06.386Z] [iam] checking project portfolio-add7c for permissions ["firebase.projects.get","firebasehosting.sites.update"]
[debug] [2023-01-05T02:14:06.388Z] >>> [apiv2][query] POST https://cloudresourcemanager.googleapis.com/v1/projects/portfolio-add7c:testIamPermissions [none]
[debug] [2023-01-05T02:14:06.388Z] >>> [apiv2][(partial)header] POST https://cloudresourcemanager.googleapis.com/v1/projects/portfolio-add7c:testIamPermissions x-goog-quota-user=projects/portfolio-add7c
[debug] [2023-01-05T02:14:06.389Z] >>> [apiv2][body] POST https://cloudresourcemanager.googleapis.com/v1/projects/portfolio-add7c:testIamPermissions {"permissions":["firebase.projects.get","firebasehosting.sites.update"]}
[debug] [2023-01-05T02:14:06.872Z] <<< [apiv2][status] POST https://cloudresourcemanager.googleapis.com/v1/projects/portfolio-add7c:testIamPermissions 200
[debug] [2023-01-05T02:14:06.872Z] <<< [apiv2][body] POST https://cloudresourcemanager.googleapis.com/v1/projects/portfolio-add7c:testIamPermissions {"permissions":["firebase.projects.get","firebasehosting.sites.update"]}
[debug] [2023-01-05T02:14:06.873Z] >>> [apiv2][query] GET https://firebase.googleapis.com/v1beta1/projects/portfolio-add7c [none]
[debug] [2023-01-05T02:14:07.542Z] <<< [apiv2][status] GET https://firebase.googleapis.com/v1beta1/projects/portfolio-add7c 200
[debug] [2023-01-05T02:14:07.542Z] <<< [apiv2][body] GET https://firebase.googleapis.com/v1beta1/projects/portfolio-add7c {"projectId":"portfolio-add7c","projectNumber":"73414706230","displayName":"portfolio","name":"projects/portfolio-add7c","resources":{"hostingSite":"portfolio-add7c"},"state":"ACTIVE","etag":"1_d8197834-dea2-4b64-9782-d94a36f25edf"}
[info] 
[info] === Deploying to 'portfolio-add7c'...
[info] 
[info] i  deploying hosting 
[debug] [2023-01-05T02:14:07.544Z] >>> [apiv2][query] GET https://firebase.googleapis.com/v1beta1/projects/portfolio-add7c [none]
[debug] [2023-01-05T02:14:08.463Z] <<< [apiv2][status] GET https://firebase.googleapis.com/v1beta1/projects/portfolio-add7c 200
[debug] [2023-01-05T02:14:08.463Z] <<< [apiv2][body] GET https://firebase.googleapis.com/v1beta1/projects/portfolio-add7c {"projectId":"portfolio-add7c","projectNumber":"73414706230","displayName":"portfolio","name":"projects/portfolio-add7c","resources":{"hostingSite":"portfolio-add7c"},"state":"ACTIVE","etag":"1_d8197834-dea2-4b64-9782-d94a36f25edf"}
[debug] [2023-01-05T02:14:08.465Z] >>> [apiv2][query] POST https://firebasehosting.googleapis.com/v1beta1/projects/73414706230/sites/portfolio-add7c/versions [none]
[debug] [2023-01-05T02:14:08.465Z] >>> [apiv2][body] POST https://firebasehosting.googleapis.com/v1beta1/projects/73414706230/sites/portfolio-add7c/versions {"config":{},"labels":{"deployment-tool":"cli-firebase"}}
